<?xml version="1.0" encoding="UTF-8"?>
<testng-results ignored="0" total="1" passed="1" failed="0" skipped="0">
  <reporter-output>
  </reporter-output>
  <suite started-at="2021-05-13T03:55:27Z" name="Suite" finished-at="2021-05-13T03:57:04Z" duration-ms="96673">
    <groups>
    </groups>
    <test started-at="2021-05-13T03:55:27Z" name="Test" finished-at="2021-05-13T03:57:04Z" duration-ms="96673">
      <class name="test.Test1">
        <test-method is-config="true" signature="openApplication()[pri:0, instance:test.Test1@37271612]" started-at="2021-05-13T03:55:27Z" name="openApplication" finished-at="2021-05-13T03:55:54Z" duration-ms="27065" status="PASS">
          <reporter-output>
          </reporter-output>
        </test-method> <!-- openApplication -->
        <test-method signature="FunctionalTest()[pri:0, instance:test.Test1@37271612]" started-at="2021-05-13T03:55:54Z" name="FunctionalTest" finished-at="2021-05-13T03:57:04Z" duration-ms="69474" status="PASS">
          <reporter-output>
          </reporter-output>
        </test-method> <!-- FunctionalTest -->
        <test-method is-config="true" signature="closeApplication()[pri:0, instance:test.Test1@37271612]" started-at="2021-05-13T03:57:04Z" name="closeApplication" finished-at="2021-05-13T03:57:04Z" duration-ms="85" status="PASS">
          <reporter-output>
          </reporter-output>
        </test-method> <!-- closeApplication -->
      </class> <!-- test.Test1 -->
    </test> <!-- Test -->
  </suite> <!-- Suite -->
</testng-results>
